2025-05-31 19:10:35,157 INFO    MainThread:235 [wandb_init.py:setup_run_log_directory():724] Logging user logs to /content/wandb/run-20250531_191035-64ci1cep/logs/debug.log
2025-05-31 19:10:35,157 INFO    MainThread:235 [wandb_init.py:setup_run_log_directory():725] Logging internal logs to /content/wandb/run-20250531_191035-64ci1cep/logs/debug-internal.log
2025-05-31 19:10:35,158 INFO    MainThread:235 [wandb_init.py:monkeypatch_ipython():643] configuring jupyter hooks <wandb.sdk.wandb_init._WandbInit object at 0x7ab96a717690>
2025-05-31 19:10:35,158 INFO    MainThread:235 [wandb_init.py:init():852] calling init triggers
2025-05-31 19:10:35,158 INFO    MainThread:235 [wandb_init.py:init():857] wandb.init called with sweep_config: {}
config: {'model_size': 'l', 'dataset': '/content/dataset_2', 'num_classes': 2, 'class_names': ['animals', 'humans'], 'epochs': 20, 'batch_size': 4, 'img_size': 900, 'learning_rate': 0.01, 'optimizer': 'SGD', 'patience': 15, 'save_period': 10, 'device': 0, 'workers': 8, 'lr0': 0.01, 'momentum': 0.937, 'weight_decay': 0.0005, 'warmup_epochs': 3, 'box': 7.5, 'cls': 0.5, 'dfl': 1.5, 'hsv_h': 0.015, 'hsv_s': 0.7, 'hsv_v': 0.4, 'degrees': 0.0, 'translate': 0.1, 'scale': 0.5, 'shear': 0.0, 'perspective': 0.0, 'flipud': 0.0, 'fliplr': 0.5, 'mosaic': 1.0, 'mixup': 0.0, 'copy_paste': 0.0, '_wandb': {}}
2025-05-31 19:10:37,297 INFO    MainThread:235 [wandb_init.py:init():893] starting backend
2025-05-31 19:10:37,297 INFO    MainThread:235 [wandb_init.py:init():897] sending inform_init request
2025-05-31 19:10:37,299 INFO    MainThread:235 [backend.py:_multiprocessing_setup():101] multiprocessing start_methods=fork,spawn,forkserver, using: spawn
2025-05-31 19:10:37,299 INFO    MainThread:235 [wandb_init.py:init():907] backend started and connected
2025-05-31 19:10:37,306 INFO    MainThread:235 [wandb_run.py:_label_probe_notebook():1376] probe notebook
2025-05-31 19:10:37,459 INFO    MainThread:235 [wandb_init.py:init():1005] updated telemetry
2025-05-31 19:10:37,460 INFO    MainThread:235 [wandb_init.py:init():1029] communicating run to backend with 90.0 second timeout
2025-05-31 19:10:38,012 INFO    MainThread:235 [wandb_init.py:init():1104] starting run threads in backend
2025-05-31 19:10:38,431 INFO    MainThread:235 [wandb_run.py:_console_start():2573] atexit reg
2025-05-31 19:10:38,431 INFO    MainThread:235 [wandb_run.py:_redirect():2421] redirect: wrap_raw
2025-05-31 19:10:38,431 INFO    MainThread:235 [wandb_run.py:_redirect():2490] Wrapping output streams.
2025-05-31 19:10:38,431 INFO    MainThread:235 [wandb_run.py:_redirect():2513] Redirects installed.
2025-05-31 19:10:38,432 INFO    MainThread:235 [wandb_init.py:init():1150] run started, returning control to user process
2025-05-31 19:24:16,415 INFO    MainThread:235 [wandb_init.py:_post_run_cell_hook():613] [no run ID] resuming backend
2025-05-31 19:30:25,392 INFO    MainThread:235 [jupyter.py:save_ipynb():401] [no run ID] not saving jupyter notebook
2025-05-31 19:30:25,393 INFO    MainThread:235 [wandb_init.py:_pre_run_cell_hook():602] [no run ID] pausing backend
2025-05-31 19:30:28,341 INFO    MainThread:235 [wandb_init.py:_post_run_cell_hook():613] [no run ID] resuming backend
2025-05-31 19:31:59,794 INFO    MainThread:235 [jupyter.py:save_ipynb():401] [no run ID] not saving jupyter notebook
2025-05-31 19:31:59,794 INFO    MainThread:235 [wandb_init.py:_pre_run_cell_hook():602] [no run ID] pausing backend
2025-05-31 19:32:02,254 INFO    MainThread:235 [wandb_init.py:_post_run_cell_hook():613] [no run ID] resuming backend
2025-05-31 19:33:07,435 INFO    MainThread:235 [jupyter.py:save_ipynb():401] [no run ID] not saving jupyter notebook
2025-05-31 19:33:07,435 INFO    MainThread:235 [wandb_init.py:_pre_run_cell_hook():602] [no run ID] pausing backend
2025-05-31 19:33:28,259 INFO    MainThread:235 [wandb_init.py:_post_run_cell_hook():613] [no run ID] resuming backend
2025-05-31 19:34:49,772 INFO    MainThread:235 [jupyter.py:save_ipynb():401] [no run ID] not saving jupyter notebook
2025-05-31 19:34:49,772 INFO    MainThread:235 [wandb_init.py:_pre_run_cell_hook():602] [no run ID] pausing backend
2025-05-31 19:35:13,873 INFO    MainThread:235 [wandb_init.py:_post_run_cell_hook():613] [no run ID] resuming backend
2025-05-31 19:36:06,392 INFO    MainThread:235 [jupyter.py:save_ipynb():401] [no run ID] not saving jupyter notebook
2025-05-31 19:36:06,392 INFO    MainThread:235 [wandb_init.py:_pre_run_cell_hook():602] [no run ID] pausing backend
2025-05-31 19:36:54,787 INFO    MainThread:235 [wandb_init.py:_post_run_cell_hook():613] [no run ID] resuming backend
2025-05-31 19:41:00,818 INFO    MainThread:235 [jupyter.py:save_ipynb():401] [no run ID] not saving jupyter notebook
2025-05-31 19:41:00,818 INFO    MainThread:235 [wandb_init.py:_pre_run_cell_hook():602] [no run ID] pausing backend
2025-05-31 19:41:00,923 INFO    MainThread:235 [wandb_init.py:_post_run_cell_hook():613] [no run ID] resuming backend
2025-05-31 19:41:28,409 INFO    MainThread:235 [jupyter.py:save_ipynb():401] [no run ID] not saving jupyter notebook
2025-05-31 19:41:28,409 INFO    MainThread:235 [wandb_init.py:_pre_run_cell_hook():602] [no run ID] pausing backend
2025-05-31 19:41:56,515 INFO    MainThread:235 [wandb_init.py:_post_run_cell_hook():613] [no run ID] resuming backend
2025-05-31 19:46:59,065 INFO    MainThread:235 [jupyter.py:save_ipynb():401] [no run ID] not saving jupyter notebook
2025-05-31 19:46:59,065 INFO    MainThread:235 [wandb_init.py:_pre_run_cell_hook():602] [no run ID] pausing backend
2025-05-31 19:46:59,172 INFO    MainThread:235 [wandb_init.py:_post_run_cell_hook():613] [no run ID] resuming backend
2025-05-31 19:48:53,660 INFO    MainThread:235 [jupyter.py:save_ipynb():401] [no run ID] not saving jupyter notebook
2025-05-31 19:48:53,660 INFO    MainThread:235 [wandb_init.py:_pre_run_cell_hook():602] [no run ID] pausing backend
